<?xml version="1.0" encoding="UTF-8"?>
<!-- Generated by org.testng.reporters.JUnitReportReporter -->
<testsuite skipped="0" hostname="TL0017" name="testcases.TC001_LoginLogout" tests="1" failures="0" timestamp="2022-05-07T11:23:51 IST" time="116.173" errors="0">
  <testcase name="runLoginLogout" time="116.173" classname="testcases.TC001_LoginLogout"/>
  <system-out/>
</testsuite> <!-- testcases.TC001_LoginLogout -->
